Flow report for FPGA-Project
Fri Jan 03 11:02:47 2020
Quartus II 64-Bit Version 13.1.0 Build 162 10/23/2013 SJ Web Edition


---------------------
; Table of Contents ;
---------------------
  1. Legal Notice
  2. Flow Summary
  3. Flow Settings
  4. Flow Non-Default Global Settings
  5. Flow Elapsed Time
  6. Flow OS Summary
  7. Flow Log
  8. Flow Messages
  9. Flow Suppressed Messages



----------------
; Legal Notice ;
----------------
Copyright (C) 1991-2013 Altera Corporation
Your use of Altera Corporation's design tools, logic functions 
and other software and tools, and its AMPP partner logic 
functions, and any output files from any of the foregoing 
(including device programming or simulation files), and any 
associated documentation or information are expressly subject 
to the terms and conditions of the Altera Program License 
Subscription Agreement, Altera MegaCore Function License 
Agreement, or other applicable license agreement, including, 
without limitation, that your use is for the sole purpose of 
programming logic devices manufactured by Altera and sold by 
Altera or its authorized distributors.  Please refer to the 
applicable agreement for further details.



+---------------------------------------------------------------------------------+
; Flow Summary                                                                    ;
+------------------------------------+--------------------------------------------+
; Flow Status                        ; Successful - Fri Jan 03 11:02:47 2020      ;
; Quartus II 64-Bit Version          ; 13.1.0 Build 162 10/23/2013 SJ Web Edition ;
; Revision Name                      ; FPGA-Project                               ;
; Top-level Entity Name              ; FPGA-Project                               ;
; Family                             ; Cyclone III                                ;
; Device                             ; EP3C16F484C6                               ;
; Timing Models                      ; Final                                      ;
; Total logic elements               ; 2,388 / 15,408 ( 15 % )                    ;
;     Total combinational functions  ; 2,373 / 15,408 ( 15 % )                    ;
;     Dedicated logic registers      ; 235 / 15,408 ( 2 % )                       ;
; Total registers                    ; 235                                        ;
; Total pins                         ; 17 / 347 ( 5 % )                           ;
; Total virtual pins                 ; 0                                          ;
; Total memory bits                  ; 0 / 516,096 ( 0 % )                        ;
; Embedded Multiplier 9-bit elements ; 0 / 112 ( 0 % )                            ;
; Total PLLs                         ; 1 / 4 ( 25 % )                             ;
+------------------------------------+--------------------------------------------+


+-----------------------------------------+
; Flow Settings                           ;
+-------------------+---------------------+
; Option            ; Setting             ;
+-------------------+---------------------+
; Start date & time ; 01/03/2020 11:02:17 ;
; Main task         ; Compilation         ;
; Revision Name     ; FPGA-Project        ;
+-------------------+---------------------+


+--------------------------------------------------------------------------------------------------------------------------+
; Flow Non-Default Global Settings                                                                                         ;
+-------------------------------------+-------------------------------------+---------------+-------------+----------------+
; Assignment Name                     ; Value                               ; Default Value ; Entity Name ; Section Id     ;
+-------------------------------------+-------------------------------------+---------------+-------------+----------------+
; COMPILER_SIGNATURE_ID               ; 22942269714459.157802053606916      ; --            ; --          ; --             ;
; EDA_OUTPUT_DATA_FORMAT              ; Verilog Hdl                         ; --            ; --          ; eda_simulation ;
; EDA_SIMULATION_TOOL                 ; ModelSim-Altera (Verilog)           ; <None>        ; --          ; --             ;
; IP_TOOL_NAME                        ; ALTPLL                              ; --            ; --          ; --             ;
; IP_TOOL_VERSION                     ; 13.1                                ; --            ; --          ; --             ;
; MAX_CORE_JUNCTION_TEMP              ; 85                                  ; --            ; --          ; --             ;
; MIN_CORE_JUNCTION_TEMP              ; 0                                   ; --            ; --          ; --             ;
; MISC_FILE                           ; VgaPll.bsf                          ; --            ; --          ; --             ;
; MISC_FILE                           ; VgaPll_bb.v                         ; --            ; --          ; --             ;
; MISC_FILE                           ; VgaPll.ppf                          ; --            ; --          ; --             ;
; NOMINAL_CORE_SUPPLY_VOLTAGE         ; 1.2V                                ; --            ; --          ; --             ;
; PARTITION_COLOR                     ; 16764057                            ; --            ; --          ; Top            ;
; PARTITION_FITTER_PRESERVATION_LEVEL ; PLACEMENT_AND_ROUTING               ; --            ; --          ; Top            ;
; PARTITION_NETLIST_TYPE              ; SOURCE                              ; --            ; --          ; Top            ;
; PROJECT_OUTPUT_DIRECTORY            ; output_files                        ; --            ; --          ; --             ;
; SEARCH_PATH                         ; c:\users\rb509\desktop\fpga-project ; --            ; --          ; --             ;
+-------------------------------------+-------------------------------------+---------------+-------------+----------------+


+-------------------------------------------------------------------------------------------------------------------------------+
; Flow Elapsed Time                                                                                                             ;
+---------------------------+--------------+-------------------------+---------------------+------------------------------------+
; Module Name               ; Elapsed Time ; Average Processors Used ; Peak Virtual Memory ; Total CPU Time (on all processors) ;
+---------------------------+--------------+-------------------------+---------------------+------------------------------------+
; Analysis & Synthesis      ; 00:00:09     ; 1.0                     ; 4636 MB             ; 00:00:08                           ;
; Fitter                    ; 00:00:09     ; 1.0                     ; 4991 MB             ; 00:00:08                           ;
; Assembler                 ; 00:00:01     ; 1.0                     ; 4595 MB             ; 00:00:01                           ;
; TimeQuest Timing Analyzer ; 00:00:03     ; 1.0                     ; 4657 MB             ; 00:00:02                           ;
; EDA Netlist Writer        ; 00:00:03     ; 1.0                     ; 4574 MB             ; 00:00:02                           ;
; Total                     ; 00:00:25     ; --                      ; --                  ; 00:00:21                           ;
+---------------------------+--------------+-------------------------+---------------------+------------------------------------+


+----------------------------------------------------------------------------------------+
; Flow OS Summary                                                                        ;
+---------------------------+------------------+-----------+------------+----------------+
; Module Name               ; Machine Hostname ; OS Name   ; OS Version ; Processor type ;
+---------------------------+------------------+-----------+------------+----------------+
; Analysis & Synthesis      ; RB509-58         ; Windows 7 ; 6.2        ; x86_64         ;
; Fitter                    ; RB509-58         ; Windows 7 ; 6.2        ; x86_64         ;
; Assembler                 ; RB509-58         ; Windows 7 ; 6.2        ; x86_64         ;
; TimeQuest Timing Analyzer ; RB509-58         ; Windows 7 ; 6.2        ; x86_64         ;
; EDA Netlist Writer        ; RB509-58         ; Windows 7 ; 6.2        ; x86_64         ;
+---------------------------+------------------+-----------+------------+----------------+


------------
; Flow Log ;
------------
quartus_map --read_settings_files=on --write_settings_files=off FPGA-Project -c FPGA-Project
quartus_fit --read_settings_files=off --write_settings_files=off FPGA-Project -c FPGA-Project
quartus_asm --read_settings_files=off --write_settings_files=off FPGA-Project -c FPGA-Project
quartus_sta FPGA-Project -c FPGA-Project
quartus_eda --read_settings_files=off --write_settings_files=off FPGA-Project -c FPGA-Project



